2022-01-24 21:04:00,408:INFO:Initializing load_model()
2022-01-24 21:04:00,409:INFO:load_model(model_name=model, platform=None, authentication=None, verbose=True)
2022-01-24 21:04:03,723:INFO:Initializing load_model()
2022-01-24 21:04:03,724:INFO:load_model(model_name=model, platform=None, authentication=None, verbose=True)
2022-01-24 21:04:03,801:INFO:Initializing predict_model()
2022-01-24 21:04:03,802:INFO:predict_model(estimator=Pipeline(steps=[('dtypes',
                 DataTypes_Auto_infer(ml_usecase='classification',
                                      numerical_features=['yearsAtCompany'],
                                      target='turnover')),
                ('imputer',
                 Simple_Imputer(categorical_strategy='not_available',
                                fill_value_categorical=None,
                                fill_value_numerical=None,
                                numeric_strategy='mean',
                                target_variable=None)),
                ('new_levels1',
                 New_Catagorical_Levels_in_TestData(rep...
                ('rem_outliers', 'passthrough'), ('cluster_all', 'passthrough'),
                ('dummy', Dummify(target='turnover')),
                ('fix_perfect', Remove_100(target='turnover')),
                ('clean_names', Clean_Colum_Names()),
                ('feature_select', 'passthrough'), ('fix_multi', 'passthrough'),
                ('dfs', 'passthrough'), ('pca', 'passthrough'),
                ['trained_model',
                 GradientBoostingClassifier(random_state=3494)]]), probability_threshold=None, encoded_labels=False, drift_report=False, raw_score=False, round=4, verbose=True, ml_usecase=MLUsecase.CLASSIFICATION, display=None)
2022-01-24 21:04:03,803:INFO:Checking exceptions
2022-01-24 21:04:03,803:INFO:Preloading libraries
2022-01-24 21:04:47,212:INFO:Initializing load_model()
2022-01-24 21:04:47,212:INFO:load_model(model_name=model, platform=None, authentication=None, verbose=True)
2022-01-24 21:04:47,516:INFO:Initializing load_model()
2022-01-24 21:04:47,517:INFO:load_model(model_name=model, platform=None, authentication=None, verbose=True)
2022-01-24 21:04:47,598:INFO:Initializing predict_model()
2022-01-24 21:04:47,598:INFO:predict_model(estimator=Pipeline(steps=[('dtypes',
                 DataTypes_Auto_infer(ml_usecase='classification',
                                      numerical_features=['yearsAtCompany'],
                                      target='turnover')),
                ('imputer',
                 Simple_Imputer(categorical_strategy='not_available',
                                fill_value_categorical=None,
                                fill_value_numerical=None,
                                numeric_strategy='mean',
                                target_variable=None)),
                ('new_levels1',
                 New_Catagorical_Levels_in_TestData(rep...
                ('rem_outliers', 'passthrough'), ('cluster_all', 'passthrough'),
                ('dummy', Dummify(target='turnover')),
                ('fix_perfect', Remove_100(target='turnover')),
                ('clean_names', Clean_Colum_Names()),
                ('feature_select', 'passthrough'), ('fix_multi', 'passthrough'),
                ('dfs', 'passthrough'), ('pca', 'passthrough'),
                ['trained_model',
                 GradientBoostingClassifier(random_state=3494)]]), probability_threshold=None, encoded_labels=False, drift_report=False, raw_score=False, round=4, verbose=True, ml_usecase=MLUsecase.CLASSIFICATION, display=None)
2022-01-24 21:04:47,599:INFO:Checking exceptions
2022-01-24 21:04:47,599:INFO:Preloading libraries
2022-01-25 16:12:44,937:INFO:Initializing load_model()
2022-01-25 16:12:44,939:INFO:load_model(model_name=model, platform=None, authentication=None, verbose=True)
2022-01-25 16:12:44,937:INFO:Initializing load_model()
2022-01-25 16:12:44,939:INFO:load_model(model_name=model, platform=None, authentication=None, verbose=True)
