2022-01-24 21:01:46,945:INFO:PyCaret Supervised Module
2022-01-24 21:01:46,946:INFO:ML Usecase: classification
2022-01-24 21:01:46,946:INFO:version 2.3.6
2022-01-24 21:01:46,946:INFO:Initializing setup()
2022-01-24 21:01:46,946:INFO:setup(target=turnover, ml_usecase=classification, available_plots={'parameter': 'Hyperparameters', 'auc': 'AUC', 'confusion_matrix': 'Confusion Matrix', 'threshold': 'Threshold', 'pr': 'Precision Recall', 'error': 'Prediction Error', 'class_report': 'Class Report', 'rfe': 'Feature Selection', 'learning': 'Learning Curve', 'manifold': 'Manifold Learning', 'calibration': 'Calibration Curve', 'vc': 'Validation Curve', 'dimension': 'Dimensions', 'feature': 'Feature Importance', 'feature_all': 'Feature Importance (All)', 'boundary': 'Decision Boundary', 'lift': 'Lift Chart', 'gain': 'Gain Chart', 'tree': 'Decision Tree', 'ks': 'KS Statistic Plot'}, train_size=0.7, test_data=None, preprocess=True, imputation_type=simple, iterative_imputation_iters=5, categorical_features=None, categorical_imputation=constant, categorical_iterative_imputer=lightgbm, ordinal_features=None, high_cardinality_features=None, high_cardinality_method=frequency, numeric_features=['yearsAtCompany'], numeric_imputation=mean, numeric_iterative_imputer=lightgbm, date_features=None, ignore_features=None, normalize=True, normalize_method=minmax, transformation=False, transformation_method=yeo-johnson, handle_unknown_categorical=True, unknown_categorical_method=least_frequent, pca=False, pca_method=linear, pca_components=None, ignore_low_variance=False, combine_rare_levels=False, rare_level_threshold=0.1, bin_numeric_features=None, remove_outliers=False, outliers_threshold=0.05, remove_multicollinearity=False, multicollinearity_threshold=0.9, remove_perfect_collinearity=True, create_clusters=False, cluster_iter=20, polynomial_features=False, polynomial_degree=2, trigonometry_features=False, polynomial_threshold=0.1, group_features=None, group_names=None, feature_selection=False, feature_selection_threshold=0.8, feature_selection_method=classic, feature_interaction=False, feature_ratio=False, interaction_threshold=0.01, fix_imbalance=True, fix_imbalance_method=None, transform_target=False, transform_target_method=box-cox, data_split_shuffle=True, data_split_stratify=True, fold_strategy=stratifiedkfold, fold=10, fold_shuffle=False, fold_groups=None, n_jobs=-1, use_gpu=False, custom_pipeline=None, html=True, session_id=None, log_experiment=False, experiment_name=None, log_plots=False, log_profile=False, log_data=False, silent=False, verbose=True, profile=False, profile_kwargs=None, display=None)
2022-01-24 21:01:46,946:INFO:Checking environment
2022-01-24 21:01:46,946:INFO:python_version: 3.9.6
2022-01-24 21:01:46,946:INFO:python_build: ('tags/v3.9.6:db3ff76', 'Jun 28 2021 15:26:21')
2022-01-24 21:01:46,946:INFO:machine: AMD64
2022-01-24 21:01:46,946:INFO:platform: Windows-10-10.0.22000-SP0
2022-01-24 21:01:46,947:WARNING:cannot find psutil installation. memory not traceable. Install psutil using pip to enable memory logging.
2022-01-24 21:01:46,947:INFO:Checking libraries
2022-01-24 21:01:46,947:INFO:pd==1.4.0
2022-01-24 21:01:46,947:INFO:numpy==1.19.5
2022-01-24 21:01:46,947:INFO:sklearn==0.23.2
2022-01-24 21:01:46,947:INFO:lightgbm==3.3.2
2022-01-24 21:01:46,948:WARNING:catboost not found
2022-01-24 21:01:46,949:WARNING:xgboost not found
2022-01-24 21:01:47,336:INFO:mlflow==1.23.0
2022-01-24 21:01:47,336:INFO:Checking Exceptions
2022-01-24 21:01:47,336:INFO:Declaring global variables
2022-01-24 21:01:47,336:INFO:USI: 989b
2022-01-24 21:01:47,336:INFO:pycaret_globals: {'_all_metrics', 'data_before_preprocess', 'fold_generator', 'iterative_imputation_iters_param', 'USI', 'seed', 'html_param', 'display_container', 'transform_target_param', 'imputation_classifier', 'X', 'fold_param', 'log_plots_param', 'fold_shuffle_param', 'fix_imbalance_param', 'fold_groups_param_full', 'experiment__', 'X_train', '_available_plots', 'pycaret_globals', '_all_models_internal', 'master_model_container', '_ml_usecase', 'y_train', 'n_jobs_param', 'exp_name_log', 'fold_groups_param', 'prep_pipe', '_gpu_n_jobs_param', 'imputation_regressor', 'fix_imbalance_method_param', 'X_test', 'create_model_container', 'target_param', '_internal_pipeline', 'transform_target_method_param', '_all_models', 'y_test', 'y', 'stratify_param', 'logging_param', 'gpu_param'}
2022-01-24 21:01:47,336:INFO:Preparing display monitor
2022-01-24 21:01:47,336:INFO:Preparing display monitor
2022-01-24 21:01:47,346:INFO:Importing libraries
2022-01-24 21:01:47,346:INFO:Copying data for preprocessing
2022-01-24 21:01:47,351:INFO:Declaring preprocessing parameters
2022-01-24 21:01:47,352:INFO:Creating preprocessing pipeline
2022-01-24 21:01:47,357:INFO:Preprocessing pipeline created successfully
2022-01-24 21:01:47,357:ERROR:(Process Exit): setup has been interupted with user command 'quit'. setup must rerun.
2022-01-24 21:01:47,357:INFO:Creating global containers
2022-01-24 21:01:47,358:INFO:Internal pipeline: Pipeline(memory=None,
         steps=[('fix_imbalance',
                 SMOTE(k_neighbors=5, n_jobs=None, random_state=3494,
                       sampling_strategy='auto'))],
         verbose=False)
2022-01-24 21:01:54,101:WARNING:Couldn't import xgboost.XGBClassifier
2022-01-24 21:01:54,102:WARNING:Couldn't import catboost.CatBoostClassifier
2022-01-24 21:01:54,178:WARNING:Couldn't import xgboost.XGBClassifier
2022-01-24 21:01:54,179:WARNING:Couldn't import catboost.CatBoostClassifier
2022-01-24 21:01:54,181:INFO:Creating grid variables
2022-01-24 21:01:54,192:INFO:create_model_container: 0
2022-01-24 21:01:54,192:INFO:master_model_container: 0
2022-01-24 21:01:54,192:INFO:display_container: 1
2022-01-24 21:01:54,196:INFO:Pipeline(memory=None,
         steps=[('dtypes',
                 DataTypes_Auto_infer(categorical_features=[],
                                      display_types=True, features_todrop=[],
                                      id_columns=[],
                                      ml_usecase='classification',
                                      numerical_features=['yearsAtCompany'],
                                      target='turnover', time_features=[])),
                ('imputer',
                 Simple_Imputer(categorical_strategy='not_available',
                                fill_value_categorical=None,
                                fill_value_numerical=...
                ('P_transform', 'passthrough'), ('binn', 'passthrough'),
                ('rem_outliers', 'passthrough'), ('cluster_all', 'passthrough'),
                ('dummy', Dummify(target='turnover')),
                ('fix_perfect', Remove_100(target='turnover')),
                ('clean_names', Clean_Colum_Names()),
                ('feature_select', 'passthrough'), ('fix_multi', 'passthrough'),
                ('dfs', 'passthrough'), ('pca', 'passthrough')],
         verbose=False)
2022-01-24 21:01:54,196:INFO:setup() succesfully completed......................................
2022-01-24 21:01:54,346:INFO:Initializing compare_models()
2022-01-24 21:01:54,346:INFO:compare_models(include=None, fold=5, round=4, cross_validation=True, sort=AUC, n_select=1, budget_time=None, turbo=True, errors=ignore, fit_kwargs=None, groups=None, probability_threshold=None, verbose=True, display=None, exclude=None)
2022-01-24 21:01:54,346:INFO:Checking exceptions
2022-01-24 21:01:54,347:INFO:Preparing display monitor
2022-01-24 21:01:54,347:INFO:Preparing display monitor
2022-01-24 21:01:54,365:INFO:Initializing Logistic Regression
2022-01-24 21:01:54,365:INFO:Total runtime is 0.0 minutes
2022-01-24 21:01:54,369:INFO:SubProcess create_model() called ==================================
2022-01-24 21:01:54,370:INFO:Initializing create_model()
2022-01-24 21:01:54,370:INFO:create_model(estimator=lr, fold=StratifiedKFold(n_splits=5, random_state=None, shuffle=False), round=4, cross_validation=True, predict=True, fit_kwargs={}, groups=None, refit=False, verbose=False, system=False, metrics=None, add_to_model_list=True, probability_threshold=None, display=<pycaret.internal.Display.Display object at 0x0000026282E15730>, kwargs={})
2022-01-24 21:01:54,370:INFO:Checking exceptions
2022-01-24 21:01:54,371:INFO:Importing libraries
2022-01-24 21:01:54,371:INFO:Copying training dataset
2022-01-24 21:01:54,371:INFO:Defining folds
2022-01-24 21:01:54,372:INFO:Declaring metric variables
2022-01-24 21:01:54,377:INFO:Importing untrained model
2022-01-24 21:01:54,383:INFO:Logistic Regression Imported succesfully
2022-01-24 21:01:54,394:INFO:Starting cross validation
2022-01-24 21:01:54,395:INFO:Cross validating with StratifiedKFold(n_splits=5, random_state=None, shuffle=False), n_jobs=-1
2022-01-24 21:01:58,404:INFO:Calculating mean and std
2022-01-24 21:01:58,406:INFO:Creating metrics dataframe
2022-01-24 21:01:58,500:INFO:Uploading results into container
2022-01-24 21:01:58,501:INFO:Uploading model into container now
2022-01-24 21:01:58,501:INFO:create_model_container: 1
2022-01-24 21:01:58,501:INFO:master_model_container: 1
2022-01-24 21:01:58,501:INFO:display_container: 2
2022-01-24 21:01:58,501:INFO:LogisticRegression(C=1.0, class_weight=None, dual=False, fit_intercept=True,
                   intercept_scaling=1, l1_ratio=None, max_iter=1000,
                   multi_class='auto', n_jobs=None, penalty='l2',
                   random_state=3494, solver='lbfgs', tol=0.0001, verbose=0,
                   warm_start=False)
2022-01-24 21:01:58,501:INFO:create_model() succesfully completed......................................
2022-01-24 21:01:58,629:INFO:SubProcess create_model() end ==================================
2022-01-24 21:01:58,630:INFO:Creating metrics dataframe
2022-01-24 21:01:58,647:INFO:Initializing K Neighbors Classifier
2022-01-24 21:01:58,647:INFO:Total runtime is 0.07137791315714519 minutes
2022-01-24 21:01:58,653:INFO:SubProcess create_model() called ==================================
2022-01-24 21:01:58,653:INFO:Initializing create_model()
2022-01-24 21:01:58,653:INFO:create_model(estimator=knn, fold=StratifiedKFold(n_splits=5, random_state=None, shuffle=False), round=4, cross_validation=True, predict=True, fit_kwargs={}, groups=None, refit=False, verbose=False, system=False, metrics=None, add_to_model_list=True, probability_threshold=None, display=<pycaret.internal.Display.Display object at 0x0000026282E15730>, kwargs={})
2022-01-24 21:01:58,653:INFO:Checking exceptions
2022-01-24 21:01:58,653:INFO:Importing libraries
2022-01-24 21:01:58,653:INFO:Copying training dataset
2022-01-24 21:01:58,654:INFO:Defining folds
2022-01-24 21:01:58,655:INFO:Declaring metric variables
2022-01-24 21:01:58,660:INFO:Importing untrained model
2022-01-24 21:01:58,665:INFO:K Neighbors Classifier Imported succesfully
2022-01-24 21:01:58,678:INFO:Starting cross validation
2022-01-24 21:01:58,678:INFO:Cross validating with StratifiedKFold(n_splits=5, random_state=None, shuffle=False), n_jobs=-1
2022-01-24 21:02:02,190:INFO:Calculating mean and std
2022-01-24 21:02:02,192:INFO:Creating metrics dataframe
2022-01-24 21:02:02,237:INFO:Uploading results into container
2022-01-24 21:02:02,237:INFO:Uploading model into container now
2022-01-24 21:02:02,237:INFO:create_model_container: 2
2022-01-24 21:02:02,237:INFO:master_model_container: 2
2022-01-24 21:02:02,237:INFO:display_container: 2
2022-01-24 21:02:02,238:INFO:KNeighborsClassifier(algorithm='auto', leaf_size=30, metric='minkowski',
                     metric_params=None, n_jobs=-1, n_neighbors=5, p=2,
                     weights='uniform')
2022-01-24 21:02:02,238:INFO:create_model() succesfully completed......................................
2022-01-24 21:02:02,398:INFO:SubProcess create_model() end ==================================
2022-01-24 21:02:02,398:INFO:Creating metrics dataframe
2022-01-24 21:02:02,417:INFO:Initializing Naive Bayes
2022-01-24 21:02:02,418:INFO:Total runtime is 0.13421420256296795 minutes
2022-01-24 21:02:02,425:INFO:SubProcess create_model() called ==================================
2022-01-24 21:02:02,425:INFO:Initializing create_model()
2022-01-24 21:02:02,425:INFO:create_model(estimator=nb, fold=StratifiedKFold(n_splits=5, random_state=None, shuffle=False), round=4, cross_validation=True, predict=True, fit_kwargs={}, groups=None, refit=False, verbose=False, system=False, metrics=None, add_to_model_list=True, probability_threshold=None, display=<pycaret.internal.Display.Display object at 0x0000026282E15730>, kwargs={})
2022-01-24 21:02:02,425:INFO:Checking exceptions
2022-01-24 21:02:02,425:INFO:Importing libraries
2022-01-24 21:02:02,426:INFO:Copying training dataset
2022-01-24 21:02:02,426:INFO:Defining folds
2022-01-24 21:02:02,427:INFO:Declaring metric variables
2022-01-24 21:02:02,434:INFO:Importing untrained model
2022-01-24 21:02:02,441:INFO:Naive Bayes Imported succesfully
2022-01-24 21:02:02,458:INFO:Starting cross validation
2022-01-24 21:02:02,459:INFO:Cross validating with StratifiedKFold(n_splits=5, random_state=None, shuffle=False), n_jobs=-1
2022-01-24 21:02:05,047:INFO:Calculating mean and std
2022-01-24 21:02:05,048:INFO:Creating metrics dataframe
2022-01-24 21:02:05,089:INFO:Uploading results into container
2022-01-24 21:02:05,089:INFO:Uploading model into container now
2022-01-24 21:02:05,089:INFO:create_model_container: 3
2022-01-24 21:02:05,090:INFO:master_model_container: 3
2022-01-24 21:02:05,090:INFO:display_container: 2
2022-01-24 21:02:05,090:INFO:GaussianNB(priors=None, var_smoothing=1e-09)
2022-01-24 21:02:05,090:INFO:create_model() succesfully completed......................................
2022-01-24 21:02:05,213:INFO:SubProcess create_model() end ==================================
2022-01-24 21:02:05,213:INFO:Creating metrics dataframe
2022-01-24 21:02:05,230:INFO:Initializing Decision Tree Classifier
2022-01-24 21:02:05,231:INFO:Total runtime is 0.18110730648040774 minutes
2022-01-24 21:02:05,236:INFO:SubProcess create_model() called ==================================
2022-01-24 21:02:05,236:INFO:Initializing create_model()
2022-01-24 21:02:05,236:INFO:create_model(estimator=dt, fold=StratifiedKFold(n_splits=5, random_state=None, shuffle=False), round=4, cross_validation=True, predict=True, fit_kwargs={}, groups=None, refit=False, verbose=False, system=False, metrics=None, add_to_model_list=True, probability_threshold=None, display=<pycaret.internal.Display.Display object at 0x0000026282E15730>, kwargs={})
2022-01-24 21:02:05,236:INFO:Checking exceptions
2022-01-24 21:02:05,237:INFO:Importing libraries
2022-01-24 21:02:05,237:INFO:Copying training dataset
2022-01-24 21:02:05,237:INFO:Defining folds
2022-01-24 21:02:05,238:INFO:Declaring metric variables
2022-01-24 21:02:05,243:INFO:Importing untrained model
2022-01-24 21:02:05,249:INFO:Decision Tree Classifier Imported succesfully
2022-01-24 21:02:05,259:INFO:Starting cross validation
2022-01-24 21:02:05,259:INFO:Cross validating with StratifiedKFold(n_splits=5, random_state=None, shuffle=False), n_jobs=-1
2022-01-24 21:02:05,326:INFO:Calculating mean and std
2022-01-24 21:02:05,327:INFO:Creating metrics dataframe
2022-01-24 21:02:05,379:INFO:Uploading results into container
2022-01-24 21:02:05,380:INFO:Uploading model into container now
2022-01-24 21:02:05,380:INFO:create_model_container: 4
2022-01-24 21:02:05,380:INFO:master_model_container: 4
2022-01-24 21:02:05,380:INFO:display_container: 2
2022-01-24 21:02:05,381:INFO:DecisionTreeClassifier(ccp_alpha=0.0, class_weight=None, criterion='gini',
                       max_depth=None, max_features=None, max_leaf_nodes=None,
                       min_impurity_decrease=0.0, min_impurity_split=None,
                       min_samples_leaf=1, min_samples_split=2,
                       min_weight_fraction_leaf=0.0, presort='deprecated',
                       random_state=3494, splitter='best')
2022-01-24 21:02:05,381:INFO:create_model() succesfully completed......................................
2022-01-24 21:02:05,542:INFO:SubProcess create_model() end ==================================
2022-01-24 21:02:05,542:INFO:Creating metrics dataframe
2022-01-24 21:02:05,559:INFO:Initializing SVM - Linear Kernel
2022-01-24 21:02:05,560:INFO:Total runtime is 0.1865906874338786 minutes
2022-01-24 21:02:05,565:INFO:SubProcess create_model() called ==================================
2022-01-24 21:02:05,566:INFO:Initializing create_model()
2022-01-24 21:02:05,566:INFO:create_model(estimator=svm, fold=StratifiedKFold(n_splits=5, random_state=None, shuffle=False), round=4, cross_validation=True, predict=True, fit_kwargs={}, groups=None, refit=False, verbose=False, system=False, metrics=None, add_to_model_list=True, probability_threshold=None, display=<pycaret.internal.Display.Display object at 0x0000026282E15730>, kwargs={})
2022-01-24 21:02:05,566:INFO:Checking exceptions
2022-01-24 21:02:05,566:INFO:Importing libraries
2022-01-24 21:02:05,566:INFO:Copying training dataset
2022-01-24 21:02:05,567:INFO:Defining folds
2022-01-24 21:02:05,567:INFO:Declaring metric variables
2022-01-24 21:02:05,572:INFO:Importing untrained model
2022-01-24 21:02:05,577:INFO:SVM - Linear Kernel Imported succesfully
2022-01-24 21:02:05,589:INFO:Starting cross validation
2022-01-24 21:02:05,589:INFO:Cross validating with StratifiedKFold(n_splits=5, random_state=None, shuffle=False), n_jobs=-1
2022-01-24 21:02:05,849:INFO:Calculating mean and std
2022-01-24 21:02:05,850:INFO:Creating metrics dataframe
2022-01-24 21:02:05,896:INFO:Uploading results into container
2022-01-24 21:02:05,897:INFO:Uploading model into container now
2022-01-24 21:02:05,897:INFO:create_model_container: 5
2022-01-24 21:02:05,897:INFO:master_model_container: 5
2022-01-24 21:02:05,897:INFO:display_container: 2
2022-01-24 21:02:05,898:INFO:SGDClassifier(alpha=0.0001, average=False, class_weight=None,
              early_stopping=False, epsilon=0.1, eta0=0.001, fit_intercept=True,
              l1_ratio=0.15, learning_rate='optimal', loss='hinge',
              max_iter=1000, n_iter_no_change=5, n_jobs=-1, penalty='l2',
              power_t=0.5, random_state=3494, shuffle=True, tol=0.001,
              validation_fraction=0.1, verbose=0, warm_start=False)
2022-01-24 21:02:05,898:INFO:create_model() succesfully completed......................................
2022-01-24 21:02:06,042:INFO:SubProcess create_model() end ==================================
2022-01-24 21:02:06,042:INFO:Creating metrics dataframe
2022-01-24 21:02:06,060:INFO:Initializing Ridge Classifier
2022-01-24 21:02:06,060:INFO:Total runtime is 0.194924000898997 minutes
2022-01-24 21:02:06,066:INFO:SubProcess create_model() called ==================================
2022-01-24 21:02:06,067:INFO:Initializing create_model()
2022-01-24 21:02:06,067:INFO:create_model(estimator=ridge, fold=StratifiedKFold(n_splits=5, random_state=None, shuffle=False), round=4, cross_validation=True, predict=True, fit_kwargs={}, groups=None, refit=False, verbose=False, system=False, metrics=None, add_to_model_list=True, probability_threshold=None, display=<pycaret.internal.Display.Display object at 0x0000026282E15730>, kwargs={})
2022-01-24 21:02:06,067:INFO:Checking exceptions
2022-01-24 21:02:06,067:INFO:Importing libraries
2022-01-24 21:02:06,067:INFO:Copying training dataset
2022-01-24 21:02:06,068:INFO:Defining folds
2022-01-24 21:02:06,068:INFO:Declaring metric variables
2022-01-24 21:02:06,074:INFO:Importing untrained model
2022-01-24 21:02:06,080:INFO:Ridge Classifier Imported succesfully
2022-01-24 21:02:06,090:INFO:Starting cross validation
2022-01-24 21:02:06,091:INFO:Cross validating with StratifiedKFold(n_splits=5, random_state=None, shuffle=False), n_jobs=-1
2022-01-24 21:02:06,127:INFO:Calculating mean and std
2022-01-24 21:02:06,128:INFO:Creating metrics dataframe
2022-01-24 21:02:06,153:INFO:Uploading results into container
2022-01-24 21:02:06,153:INFO:Uploading model into container now
2022-01-24 21:02:06,154:INFO:create_model_container: 6
2022-01-24 21:02:06,154:INFO:master_model_container: 6
2022-01-24 21:02:06,154:INFO:display_container: 2
2022-01-24 21:02:06,154:INFO:RidgeClassifier(alpha=1.0, class_weight=None, copy_X=True, fit_intercept=True,
                max_iter=None, normalize=False, random_state=3494,
                solver='auto', tol=0.001)
2022-01-24 21:02:06,154:INFO:create_model() succesfully completed......................................
2022-01-24 21:02:06,270:INFO:SubProcess create_model() end ==================================
2022-01-24 21:02:06,270:INFO:Creating metrics dataframe
2022-01-24 21:02:06,289:INFO:Initializing Random Forest Classifier
2022-01-24 21:02:06,289:INFO:Total runtime is 0.1987406690915426 minutes
2022-01-24 21:02:06,294:INFO:SubProcess create_model() called ==================================
2022-01-24 21:02:06,294:INFO:Initializing create_model()
2022-01-24 21:02:06,294:INFO:create_model(estimator=rf, fold=StratifiedKFold(n_splits=5, random_state=None, shuffle=False), round=4, cross_validation=True, predict=True, fit_kwargs={}, groups=None, refit=False, verbose=False, system=False, metrics=None, add_to_model_list=True, probability_threshold=None, display=<pycaret.internal.Display.Display object at 0x0000026282E15730>, kwargs={})
2022-01-24 21:02:06,294:INFO:Checking exceptions
2022-01-24 21:02:06,294:INFO:Importing libraries
2022-01-24 21:02:06,294:INFO:Copying training dataset
2022-01-24 21:02:06,295:INFO:Defining folds
2022-01-24 21:02:06,296:INFO:Declaring metric variables
2022-01-24 21:02:06,301:INFO:Importing untrained model
2022-01-24 21:02:06,307:INFO:Random Forest Classifier Imported succesfully
2022-01-24 21:02:06,317:INFO:Starting cross validation
2022-01-24 21:02:06,317:INFO:Cross validating with StratifiedKFold(n_splits=5, random_state=None, shuffle=False), n_jobs=-1
2022-01-24 21:02:07,387:INFO:Calculating mean and std
2022-01-24 21:02:07,388:INFO:Creating metrics dataframe
2022-01-24 21:02:07,454:INFO:Uploading results into container
2022-01-24 21:02:07,454:INFO:Uploading model into container now
2022-01-24 21:02:07,454:INFO:create_model_container: 7
2022-01-24 21:02:07,454:INFO:master_model_container: 7
2022-01-24 21:02:07,455:INFO:display_container: 2
2022-01-24 21:02:07,455:INFO:RandomForestClassifier(bootstrap=True, ccp_alpha=0.0, class_weight=None,
                       criterion='gini', max_depth=None, max_features='auto',
                       max_leaf_nodes=None, max_samples=None,
                       min_impurity_decrease=0.0, min_impurity_split=None,
                       min_samples_leaf=1, min_samples_split=2,
                       min_weight_fraction_leaf=0.0, n_estimators=100,
                       n_jobs=-1, oob_score=False, random_state=3494, verbose=0,
                       warm_start=False)
2022-01-24 21:02:07,455:INFO:create_model() succesfully completed......................................
2022-01-24 21:02:07,665:INFO:SubProcess create_model() end ==================================
2022-01-24 21:02:07,665:INFO:Creating metrics dataframe
2022-01-24 21:02:07,689:INFO:Initializing Quadratic Discriminant Analysis
2022-01-24 21:02:07,690:INFO:Total runtime is 0.2220842480659485 minutes
2022-01-24 21:02:07,697:INFO:SubProcess create_model() called ==================================
2022-01-24 21:02:07,697:INFO:Initializing create_model()
2022-01-24 21:02:07,697:INFO:create_model(estimator=qda, fold=StratifiedKFold(n_splits=5, random_state=None, shuffle=False), round=4, cross_validation=True, predict=True, fit_kwargs={}, groups=None, refit=False, verbose=False, system=False, metrics=None, add_to_model_list=True, probability_threshold=None, display=<pycaret.internal.Display.Display object at 0x0000026282E15730>, kwargs={})
2022-01-24 21:02:07,697:INFO:Checking exceptions
2022-01-24 21:02:07,698:INFO:Importing libraries
2022-01-24 21:02:07,698:INFO:Copying training dataset
2022-01-24 21:02:07,698:INFO:Defining folds
2022-01-24 21:02:07,698:INFO:Declaring metric variables
2022-01-24 21:02:07,705:INFO:Importing untrained model
2022-01-24 21:02:07,713:INFO:Quadratic Discriminant Analysis Imported succesfully
2022-01-24 21:02:07,726:INFO:Starting cross validation
2022-01-24 21:02:07,727:INFO:Cross validating with StratifiedKFold(n_splits=5, random_state=None, shuffle=False), n_jobs=-1
2022-01-24 21:02:07,777:INFO:Calculating mean and std
2022-01-24 21:02:07,779:INFO:Creating metrics dataframe
2022-01-24 21:02:07,826:INFO:Uploading results into container
2022-01-24 21:02:07,828:INFO:Uploading model into container now
2022-01-24 21:02:07,828:INFO:create_model_container: 8
2022-01-24 21:02:07,828:INFO:master_model_container: 8
2022-01-24 21:02:07,828:INFO:display_container: 2
2022-01-24 21:02:07,828:INFO:QuadraticDiscriminantAnalysis(priors=None, reg_param=0.0,
                              store_covariance=False, tol=0.0001)
2022-01-24 21:02:07,828:INFO:create_model() succesfully completed......................................
2022-01-24 21:02:08,020:INFO:SubProcess create_model() end ==================================
2022-01-24 21:02:08,020:INFO:Creating metrics dataframe
2022-01-24 21:02:08,043:INFO:Initializing Ada Boost Classifier
2022-01-24 21:02:08,043:INFO:Total runtime is 0.22796763976415 minutes
2022-01-24 21:02:08,049:INFO:SubProcess create_model() called ==================================
2022-01-24 21:02:08,050:INFO:Initializing create_model()
2022-01-24 21:02:08,050:INFO:create_model(estimator=ada, fold=StratifiedKFold(n_splits=5, random_state=None, shuffle=False), round=4, cross_validation=True, predict=True, fit_kwargs={}, groups=None, refit=False, verbose=False, system=False, metrics=None, add_to_model_list=True, probability_threshold=None, display=<pycaret.internal.Display.Display object at 0x0000026282E15730>, kwargs={})
2022-01-24 21:02:08,050:INFO:Checking exceptions
2022-01-24 21:02:08,050:INFO:Importing libraries
2022-01-24 21:02:08,050:INFO:Copying training dataset
2022-01-24 21:02:08,050:INFO:Defining folds
2022-01-24 21:02:08,051:INFO:Declaring metric variables
2022-01-24 21:02:08,057:INFO:Importing untrained model
2022-01-24 21:02:08,062:INFO:Ada Boost Classifier Imported succesfully
2022-01-24 21:02:08,074:INFO:Starting cross validation
2022-01-24 21:02:08,074:INFO:Cross validating with StratifiedKFold(n_splits=5, random_state=None, shuffle=False), n_jobs=-1
2022-01-24 21:02:08,549:INFO:Calculating mean and std
2022-01-24 21:02:08,550:INFO:Creating metrics dataframe
2022-01-24 21:02:08,605:INFO:Uploading results into container
2022-01-24 21:02:08,605:INFO:Uploading model into container now
2022-01-24 21:02:08,606:INFO:create_model_container: 9
2022-01-24 21:02:08,606:INFO:master_model_container: 9
2022-01-24 21:02:08,606:INFO:display_container: 2
2022-01-24 21:02:08,607:INFO:AdaBoostClassifier(algorithm='SAMME.R', base_estimator=None, learning_rate=1.0,
                   n_estimators=50, random_state=3494)
2022-01-24 21:02:08,607:INFO:create_model() succesfully completed......................................
2022-01-24 21:02:08,776:INFO:SubProcess create_model() end ==================================
2022-01-24 21:02:08,776:INFO:Creating metrics dataframe
2022-01-24 21:02:08,795:INFO:Initializing Gradient Boosting Classifier
2022-01-24 21:02:08,795:INFO:Total runtime is 0.24050095478693645 minutes
2022-01-24 21:02:08,801:INFO:SubProcess create_model() called ==================================
2022-01-24 21:02:08,802:INFO:Initializing create_model()
2022-01-24 21:02:08,802:INFO:create_model(estimator=gbc, fold=StratifiedKFold(n_splits=5, random_state=None, shuffle=False), round=4, cross_validation=True, predict=True, fit_kwargs={}, groups=None, refit=False, verbose=False, system=False, metrics=None, add_to_model_list=True, probability_threshold=None, display=<pycaret.internal.Display.Display object at 0x0000026282E15730>, kwargs={})
2022-01-24 21:02:08,802:INFO:Checking exceptions
2022-01-24 21:02:08,802:INFO:Importing libraries
2022-01-24 21:02:08,802:INFO:Copying training dataset
2022-01-24 21:02:08,803:INFO:Defining folds
2022-01-24 21:02:08,803:INFO:Declaring metric variables
2022-01-24 21:02:08,809:INFO:Importing untrained model
2022-01-24 21:02:08,814:INFO:Gradient Boosting Classifier Imported succesfully
2022-01-24 21:02:08,824:INFO:Starting cross validation
2022-01-24 21:02:08,825:INFO:Cross validating with StratifiedKFold(n_splits=5, random_state=None, shuffle=False), n_jobs=-1
2022-01-24 21:02:09,751:INFO:Calculating mean and std
2022-01-24 21:02:09,752:INFO:Creating metrics dataframe
2022-01-24 21:02:09,804:INFO:Uploading results into container
2022-01-24 21:02:09,805:INFO:Uploading model into container now
2022-01-24 21:02:09,805:INFO:create_model_container: 10
2022-01-24 21:02:09,805:INFO:master_model_container: 10
2022-01-24 21:02:09,805:INFO:display_container: 2
2022-01-24 21:02:09,805:INFO:GradientBoostingClassifier(ccp_alpha=0.0, criterion='friedman_mse', init=None,
                           learning_rate=0.1, loss='deviance', max_depth=3,
                           max_features=None, max_leaf_nodes=None,
                           min_impurity_decrease=0.0, min_impurity_split=None,
                           min_samples_leaf=1, min_samples_split=2,
                           min_weight_fraction_leaf=0.0, n_estimators=100,
                           n_iter_no_change=None, presort='deprecated',
                           random_state=3494, subsample=1.0, tol=0.0001,
                           validation_fraction=0.1, verbose=0,
                           warm_start=False)
2022-01-24 21:02:09,806:INFO:create_model() succesfully completed......................................
2022-01-24 21:02:09,939:INFO:SubProcess create_model() end ==================================
2022-01-24 21:02:09,939:INFO:Creating metrics dataframe
2022-01-24 21:02:09,958:INFO:Initializing Linear Discriminant Analysis
2022-01-24 21:02:09,958:INFO:Total runtime is 0.2598972201347351 minutes
2022-01-24 21:02:09,964:INFO:SubProcess create_model() called ==================================
2022-01-24 21:02:09,964:INFO:Initializing create_model()
2022-01-24 21:02:09,964:INFO:create_model(estimator=lda, fold=StratifiedKFold(n_splits=5, random_state=None, shuffle=False), round=4, cross_validation=True, predict=True, fit_kwargs={}, groups=None, refit=False, verbose=False, system=False, metrics=None, add_to_model_list=True, probability_threshold=None, display=<pycaret.internal.Display.Display object at 0x0000026282E15730>, kwargs={})
2022-01-24 21:02:09,964:INFO:Checking exceptions
2022-01-24 21:02:09,964:INFO:Importing libraries
2022-01-24 21:02:09,964:INFO:Copying training dataset
2022-01-24 21:02:09,965:INFO:Defining folds
2022-01-24 21:02:09,965:INFO:Declaring metric variables
2022-01-24 21:02:09,970:INFO:Importing untrained model
2022-01-24 21:02:09,976:INFO:Linear Discriminant Analysis Imported succesfully
2022-01-24 21:02:09,985:INFO:Starting cross validation
2022-01-24 21:02:09,986:INFO:Cross validating with StratifiedKFold(n_splits=5, random_state=None, shuffle=False), n_jobs=-1
2022-01-24 21:02:10,031:INFO:Calculating mean and std
2022-01-24 21:02:10,032:INFO:Creating metrics dataframe
2022-01-24 21:02:10,069:INFO:Uploading results into container
2022-01-24 21:02:10,069:INFO:Uploading model into container now
2022-01-24 21:02:10,070:INFO:create_model_container: 11
2022-01-24 21:02:10,070:INFO:master_model_container: 11
2022-01-24 21:02:10,070:INFO:display_container: 2
2022-01-24 21:02:10,070:INFO:LinearDiscriminantAnalysis(n_components=None, priors=None, shrinkage=None,
                           solver='svd', store_covariance=False, tol=0.0001)
2022-01-24 21:02:10,070:INFO:create_model() succesfully completed......................................
2022-01-24 21:02:10,216:INFO:SubProcess create_model() end ==================================
2022-01-24 21:02:10,216:INFO:Creating metrics dataframe
2022-01-24 21:02:10,237:INFO:Initializing Extra Trees Classifier
2022-01-24 21:02:10,237:INFO:Total runtime is 0.2645471811294556 minutes
2022-01-24 21:02:10,244:INFO:SubProcess create_model() called ==================================
2022-01-24 21:02:10,244:INFO:Initializing create_model()
2022-01-24 21:02:10,244:INFO:create_model(estimator=et, fold=StratifiedKFold(n_splits=5, random_state=None, shuffle=False), round=4, cross_validation=True, predict=True, fit_kwargs={}, groups=None, refit=False, verbose=False, system=False, metrics=None, add_to_model_list=True, probability_threshold=None, display=<pycaret.internal.Display.Display object at 0x0000026282E15730>, kwargs={})
2022-01-24 21:02:10,244:INFO:Checking exceptions
2022-01-24 21:02:10,244:INFO:Importing libraries
2022-01-24 21:02:10,244:INFO:Copying training dataset
2022-01-24 21:02:10,246:INFO:Defining folds
2022-01-24 21:02:10,246:INFO:Declaring metric variables
2022-01-24 21:02:10,252:INFO:Importing untrained model
2022-01-24 21:02:10,261:INFO:Extra Trees Classifier Imported succesfully
2022-01-24 21:02:10,283:INFO:Starting cross validation
2022-01-24 21:02:10,284:INFO:Cross validating with StratifiedKFold(n_splits=5, random_state=None, shuffle=False), n_jobs=-1
2022-01-24 21:02:11,198:INFO:Calculating mean and std
2022-01-24 21:02:11,200:INFO:Creating metrics dataframe
2022-01-24 21:02:11,257:INFO:Uploading results into container
2022-01-24 21:02:11,257:INFO:Uploading model into container now
2022-01-24 21:02:11,257:INFO:create_model_container: 12
2022-01-24 21:02:11,257:INFO:master_model_container: 12
2022-01-24 21:02:11,258:INFO:display_container: 2
2022-01-24 21:02:11,258:INFO:ExtraTreesClassifier(bootstrap=False, ccp_alpha=0.0, class_weight=None,
                     criterion='gini', max_depth=None, max_features='auto',
                     max_leaf_nodes=None, max_samples=None,
                     min_impurity_decrease=0.0, min_impurity_split=None,
                     min_samples_leaf=1, min_samples_split=2,
                     min_weight_fraction_leaf=0.0, n_estimators=100, n_jobs=-1,
                     oob_score=False, random_state=3494, verbose=0,
                     warm_start=False)
2022-01-24 21:02:11,258:INFO:create_model() succesfully completed......................................
2022-01-24 21:02:11,450:INFO:SubProcess create_model() end ==================================
2022-01-24 21:02:11,450:INFO:Creating metrics dataframe
2022-01-24 21:02:11,472:INFO:Initializing Light Gradient Boosting Machine
2022-01-24 21:02:11,472:INFO:Total runtime is 0.28511600494384765 minutes
2022-01-24 21:02:11,478:INFO:SubProcess create_model() called ==================================
2022-01-24 21:02:11,479:INFO:Initializing create_model()
2022-01-24 21:02:11,479:INFO:create_model(estimator=lightgbm, fold=StratifiedKFold(n_splits=5, random_state=None, shuffle=False), round=4, cross_validation=True, predict=True, fit_kwargs={}, groups=None, refit=False, verbose=False, system=False, metrics=None, add_to_model_list=True, probability_threshold=None, display=<pycaret.internal.Display.Display object at 0x0000026282E15730>, kwargs={})
2022-01-24 21:02:11,479:INFO:Checking exceptions
2022-01-24 21:02:11,479:INFO:Importing libraries
2022-01-24 21:02:11,479:INFO:Copying training dataset
2022-01-24 21:02:11,480:INFO:Defining folds
2022-01-24 21:02:11,480:INFO:Declaring metric variables
2022-01-24 21:02:11,486:INFO:Importing untrained model
2022-01-24 21:02:11,492:INFO:Light Gradient Boosting Machine Imported succesfully
2022-01-24 21:02:11,502:INFO:Starting cross validation
2022-01-24 21:02:11,503:INFO:Cross validating with StratifiedKFold(n_splits=5, random_state=None, shuffle=False), n_jobs=-1
2022-01-24 21:02:11,721:INFO:Calculating mean and std
2022-01-24 21:02:11,722:INFO:Creating metrics dataframe
2022-01-24 21:02:11,780:INFO:Uploading results into container
2022-01-24 21:02:11,780:INFO:Uploading model into container now
2022-01-24 21:02:11,780:INFO:create_model_container: 13
2022-01-24 21:02:11,780:INFO:master_model_container: 13
2022-01-24 21:02:11,780:INFO:display_container: 2
2022-01-24 21:02:11,781:INFO:LGBMClassifier(boosting_type='gbdt', class_weight=None, colsample_bytree=1.0,
               importance_type='split', learning_rate=0.1, max_depth=-1,
               min_child_samples=20, min_child_weight=0.001, min_split_gain=0.0,
               n_estimators=100, n_jobs=-1, num_leaves=31, objective=None,
               random_state=3494, reg_alpha=0.0, reg_lambda=0.0, silent='warn',
               subsample=1.0, subsample_for_bin=200000, subsample_freq=0)
2022-01-24 21:02:11,781:INFO:create_model() succesfully completed......................................
2022-01-24 21:02:11,953:INFO:SubProcess create_model() end ==================================
2022-01-24 21:02:11,953:INFO:Creating metrics dataframe
2022-01-24 21:02:11,977:INFO:Initializing Dummy Classifier
2022-01-24 21:02:11,977:INFO:Total runtime is 0.29353248278299965 minutes
2022-01-24 21:02:11,984:INFO:SubProcess create_model() called ==================================
2022-01-24 21:02:11,984:INFO:Initializing create_model()
2022-01-24 21:02:11,984:INFO:create_model(estimator=dummy, fold=StratifiedKFold(n_splits=5, random_state=None, shuffle=False), round=4, cross_validation=True, predict=True, fit_kwargs={}, groups=None, refit=False, verbose=False, system=False, metrics=None, add_to_model_list=True, probability_threshold=None, display=<pycaret.internal.Display.Display object at 0x0000026282E15730>, kwargs={})
2022-01-24 21:02:11,984:INFO:Checking exceptions
2022-01-24 21:02:11,985:INFO:Importing libraries
2022-01-24 21:02:11,985:INFO:Copying training dataset
2022-01-24 21:02:11,986:INFO:Defining folds
2022-01-24 21:02:11,986:INFO:Declaring metric variables
2022-01-24 21:02:11,993:INFO:Importing untrained model
2022-01-24 21:02:11,999:INFO:Dummy Classifier Imported succesfully
2022-01-24 21:02:12,015:INFO:Starting cross validation
2022-01-24 21:02:12,016:INFO:Cross validating with StratifiedKFold(n_splits=5, random_state=None, shuffle=False), n_jobs=-1
2022-01-24 21:02:12,059:INFO:Calculating mean and std
2022-01-24 21:02:12,060:INFO:Creating metrics dataframe
2022-01-24 21:02:12,104:INFO:Uploading results into container
2022-01-24 21:02:12,105:INFO:Uploading model into container now
2022-01-24 21:02:12,105:INFO:create_model_container: 14
2022-01-24 21:02:12,105:INFO:master_model_container: 14
2022-01-24 21:02:12,105:INFO:display_container: 2
2022-01-24 21:02:12,105:INFO:DummyClassifier(constant=None, random_state=3494, strategy='prior')
2022-01-24 21:02:12,105:INFO:create_model() succesfully completed......................................
2022-01-24 21:02:12,261:INFO:SubProcess create_model() end ==================================
2022-01-24 21:02:12,261:INFO:Creating metrics dataframe
2022-01-24 21:02:12,300:INFO:Initializing create_model()
2022-01-24 21:02:12,300:INFO:create_model(estimator=GradientBoostingClassifier(ccp_alpha=0.0, criterion='friedman_mse', init=None,
                           learning_rate=0.1, loss='deviance', max_depth=3,
                           max_features=None, max_leaf_nodes=None,
                           min_impurity_decrease=0.0, min_impurity_split=None,
                           min_samples_leaf=1, min_samples_split=2,
                           min_weight_fraction_leaf=0.0, n_estimators=100,
                           n_iter_no_change=None, presort='deprecated',
                           random_state=3494, subsample=1.0, tol=0.0001,
                           validation_fraction=0.1, verbose=0,
                           warm_start=False), fold=StratifiedKFold(n_splits=5, random_state=None, shuffle=False), round=4, cross_validation=False, predict=False, fit_kwargs={}, groups=None, refit=True, verbose=False, system=False, metrics=None, add_to_model_list=True, probability_threshold=None, display=None, kwargs={})
2022-01-24 21:02:12,300:INFO:Checking exceptions
2022-01-24 21:02:12,301:INFO:Importing libraries
2022-01-24 21:02:12,301:INFO:Copying training dataset
2022-01-24 21:02:12,301:INFO:Defining folds
2022-01-24 21:02:12,301:INFO:Declaring metric variables
2022-01-24 21:02:12,301:INFO:Importing untrained model
2022-01-24 21:02:12,301:INFO:Declaring custom model
2022-01-24 21:02:12,302:INFO:Gradient Boosting Classifier Imported succesfully
2022-01-24 21:02:12,302:INFO:Cross validation set to False
2022-01-24 21:02:12,303:INFO:Fitting Model
2022-01-24 21:02:13,365:INFO:GradientBoostingClassifier(ccp_alpha=0.0, criterion='friedman_mse', init=None,
                           learning_rate=0.1, loss='deviance', max_depth=3,
                           max_features=None, max_leaf_nodes=None,
                           min_impurity_decrease=0.0, min_impurity_split=None,
                           min_samples_leaf=1, min_samples_split=2,
                           min_weight_fraction_leaf=0.0, n_estimators=100,
                           n_iter_no_change=None, presort='deprecated',
                           random_state=3494, subsample=1.0, tol=0.0001,
                           validation_fraction=0.1, verbose=0,
                           warm_start=False)
2022-01-24 21:02:13,365:INFO:create_models() succesfully completed......................................
2022-01-24 21:02:13,495:INFO:create_model_container: 14
2022-01-24 21:02:13,495:INFO:master_model_container: 14
2022-01-24 21:02:13,495:INFO:display_container: 2
2022-01-24 21:02:13,496:INFO:GradientBoostingClassifier(ccp_alpha=0.0, criterion='friedman_mse', init=None,
                           learning_rate=0.1, loss='deviance', max_depth=3,
                           max_features=None, max_leaf_nodes=None,
                           min_impurity_decrease=0.0, min_impurity_split=None,
                           min_samples_leaf=1, min_samples_split=2,
                           min_weight_fraction_leaf=0.0, n_estimators=100,
                           n_iter_no_change=None, presort='deprecated',
                           random_state=3494, subsample=1.0, tol=0.0001,
                           validation_fraction=0.1, verbose=0,
                           warm_start=False)
2022-01-24 21:02:13,496:INFO:compare_models() succesfully completed......................................
2022-01-24 21:02:13,504:INFO:Initializing create_model()
2022-01-24 21:02:13,505:INFO:create_model(estimator=gbc, fold=5, round=4, cross_validation=True, predict=True, fit_kwargs=None, groups=None, refit=True, verbose=True, system=True, metrics=None, add_to_model_list=True, probability_threshold=None, display=None, kwargs={})
2022-01-24 21:02:13,505:INFO:Checking exceptions
2022-01-24 21:02:13,505:INFO:Preparing display monitor
2022-01-24 21:02:13,516:INFO:Importing libraries
2022-01-24 21:02:13,516:INFO:Copying training dataset
2022-01-24 21:02:13,517:INFO:Defining folds
2022-01-24 21:02:13,517:INFO:Declaring metric variables
2022-01-24 21:02:13,522:INFO:Importing untrained model
2022-01-24 21:02:13,527:INFO:Gradient Boosting Classifier Imported succesfully
2022-01-24 21:02:13,537:INFO:Starting cross validation
2022-01-24 21:02:13,538:INFO:Cross validating with StratifiedKFold(n_splits=5, random_state=None, shuffle=False), n_jobs=-1
2022-01-24 21:02:14,525:INFO:Calculating mean and std
2022-01-24 21:02:14,526:INFO:Creating metrics dataframe
2022-01-24 21:02:14,590:INFO:Finalizing model
2022-01-24 21:02:15,597:INFO:Uploading results into container
2022-01-24 21:02:15,597:INFO:Uploading model into container now
2022-01-24 21:02:15,602:INFO:create_model_container: 15
2022-01-24 21:02:15,602:INFO:master_model_container: 15
2022-01-24 21:02:15,602:INFO:display_container: 3
2022-01-24 21:02:15,603:INFO:GradientBoostingClassifier(ccp_alpha=0.0, criterion='friedman_mse', init=None,
                           learning_rate=0.1, loss='deviance', max_depth=3,
                           max_features=None, max_leaf_nodes=None,
                           min_impurity_decrease=0.0, min_impurity_split=None,
                           min_samples_leaf=1, min_samples_split=2,
                           min_weight_fraction_leaf=0.0, n_estimators=100,
                           n_iter_no_change=None, presort='deprecated',
                           random_state=3494, subsample=1.0, tol=0.0001,
                           validation_fraction=0.1, verbose=0,
                           warm_start=False)
2022-01-24 21:02:15,603:INFO:create_model() succesfully completed......................................
2022-01-24 21:02:15,741:INFO:Initializing tune_model()
2022-01-24 21:02:15,741:INFO:tune_model(estimator=GradientBoostingClassifier(ccp_alpha=0.0, criterion='friedman_mse', init=None,
                           learning_rate=0.1, loss='deviance', max_depth=3,
                           max_features=None, max_leaf_nodes=None,
                           min_impurity_decrease=0.0, min_impurity_split=None,
                           min_samples_leaf=1, min_samples_split=2,
                           min_weight_fraction_leaf=0.0, n_estimators=100,
                           n_iter_no_change=None, presort='deprecated',
                           random_state=3494, subsample=1.0, tol=0.0001,
                           validation_fraction=0.1, verbose=0,
                           warm_start=False), fold=5, round=4, n_iter=10, custom_grid={'learning_rate': [0.1, 0.2, 0.5], 'n_estimators': [100, 500, 1000], 'min_samples_split': [1, 2, 5, 10], 'max_depth': [1, 3, 9]}, optimize=AUC, custom_scorer=None, search_library=scikit-learn, search_algorithm=None, early_stopping=False, early_stopping_max_iters=10, choose_better=False, fit_kwargs=None, groups=None, return_tuner=False, verbose=True, tuner_verbose=True, display=None, kwargs={})
2022-01-24 21:02:15,741:INFO:Checking exceptions
2022-01-24 21:02:15,742:INFO:Preparing display monitor
2022-01-24 21:02:15,754:INFO:Copying training dataset
2022-01-24 21:02:15,755:INFO:Checking base model
2022-01-24 21:02:15,755:INFO:Base model : Gradient Boosting Classifier
2022-01-24 21:02:15,761:INFO:Declaring metric variables
2022-01-24 21:02:15,767:INFO:Defining Hyperparameters
2022-01-24 21:02:15,904:INFO:custom_grid: {'actual_estimator__learning_rate': [0.1, 0.2, 0.5], 'actual_estimator__n_estimators': [100, 500, 1000], 'actual_estimator__min_samples_split': [1, 2, 5, 10], 'actual_estimator__max_depth': [1, 3, 9]}
2022-01-24 21:02:15,904:INFO:Tuning with n_jobs=-1
2022-01-24 21:02:15,904:INFO:Initializing RandomizedSearchCV
2022-01-24 21:03:15,984:INFO:best_params: {'actual_estimator__n_estimators': 100, 'actual_estimator__min_samples_split': 10, 'actual_estimator__max_depth': 1, 'actual_estimator__learning_rate': 0.5}
2022-01-24 21:03:15,985:INFO:Hyperparameter search completed
2022-01-24 21:03:15,985:INFO:SubProcess create_model() called ==================================
2022-01-24 21:03:15,986:INFO:Initializing create_model()
2022-01-24 21:03:15,986:INFO:create_model(estimator=GradientBoostingClassifier(ccp_alpha=0.0, criterion='friedman_mse', init=None,
                           learning_rate=0.1, loss='deviance', max_depth=3,
                           max_features=None, max_leaf_nodes=None,
                           min_impurity_decrease=0.0, min_impurity_split=None,
                           min_samples_leaf=1, min_samples_split=2,
                           min_weight_fraction_leaf=0.0, n_estimators=100,
                           n_iter_no_change=None, presort='deprecated',
                           random_state=3494, subsample=1.0, tol=0.0001,
                           validation_fraction=0.1, verbose=0,
                           warm_start=False), fold=StratifiedKFold(n_splits=5, random_state=None, shuffle=False), round=4, cross_validation=True, predict=True, fit_kwargs={}, groups=None, refit=True, verbose=True, system=False, metrics=None, add_to_model_list=True, probability_threshold=None, display=<pycaret.internal.Display.Display object at 0x000002628813BB80>, kwargs={'n_estimators': 100, 'min_samples_split': 10, 'max_depth': 1, 'learning_rate': 0.5})
2022-01-24 21:03:15,986:INFO:Checking exceptions
2022-01-24 21:03:15,986:INFO:Importing libraries
2022-01-24 21:03:15,986:INFO:Copying training dataset
2022-01-24 21:03:15,986:INFO:Defining folds
2022-01-24 21:03:15,987:INFO:Declaring metric variables
2022-01-24 21:03:15,992:INFO:Importing untrained model
2022-01-24 21:03:15,992:INFO:Declaring custom model
2022-01-24 21:03:15,997:INFO:Gradient Boosting Classifier Imported succesfully
2022-01-24 21:03:16,012:INFO:Starting cross validation
2022-01-24 21:03:16,013:INFO:Cross validating with StratifiedKFold(n_splits=5, random_state=None, shuffle=False), n_jobs=-1
2022-01-24 21:03:16,455:INFO:Calculating mean and std
2022-01-24 21:03:16,456:INFO:Creating metrics dataframe
2022-01-24 21:03:16,517:INFO:Finalizing model
2022-01-24 21:03:16,972:INFO:Uploading results into container
2022-01-24 21:03:16,972:INFO:Uploading model into container now
2022-01-24 21:03:16,972:INFO:create_model_container: 16
2022-01-24 21:03:16,973:INFO:master_model_container: 16
2022-01-24 21:03:16,973:INFO:display_container: 4
2022-01-24 21:03:16,973:INFO:GradientBoostingClassifier(ccp_alpha=0.0, criterion='friedman_mse', init=None,
                           learning_rate=0.5, loss='deviance', max_depth=1,
                           max_features=None, max_leaf_nodes=None,
                           min_impurity_decrease=0.0, min_impurity_split=None,
                           min_samples_leaf=1, min_samples_split=10,
                           min_weight_fraction_leaf=0.0, n_estimators=100,
                           n_iter_no_change=None, presort='deprecated',
                           random_state=3494, subsample=1.0, tol=0.0001,
                           validation_fraction=0.1, verbose=0,
                           warm_start=False)
2022-01-24 21:03:16,973:INFO:create_model() succesfully completed......................................
2022-01-24 21:03:17,095:INFO:SubProcess create_model() end ==================================
2022-01-24 21:03:17,112:INFO:create_model_container: 16
2022-01-24 21:03:17,112:INFO:master_model_container: 16
2022-01-24 21:03:17,113:INFO:display_container: 4
2022-01-24 21:03:17,113:INFO:GradientBoostingClassifier(ccp_alpha=0.0, criterion='friedman_mse', init=None,
                           learning_rate=0.5, loss='deviance', max_depth=1,
                           max_features=None, max_leaf_nodes=None,
                           min_impurity_decrease=0.0, min_impurity_split=None,
                           min_samples_leaf=1, min_samples_split=10,
                           min_weight_fraction_leaf=0.0, n_estimators=100,
                           n_iter_no_change=None, presort='deprecated',
                           random_state=3494, subsample=1.0, tol=0.0001,
                           validation_fraction=0.1, verbose=0,
                           warm_start=False)
2022-01-24 21:03:17,113:INFO:tune_model() succesfully completed......................................
2022-01-24 21:03:17,289:INFO:Initializing predict_model()
2022-01-24 21:03:17,289:INFO:predict_model(estimator=GradientBoostingClassifier(ccp_alpha=0.0, criterion='friedman_mse', init=None,
                           learning_rate=0.1, loss='deviance', max_depth=3,
                           max_features=None, max_leaf_nodes=None,
                           min_impurity_decrease=0.0, min_impurity_split=None,
                           min_samples_leaf=1, min_samples_split=2,
                           min_weight_fraction_leaf=0.0, n_estimators=100,
                           n_iter_no_change=None, presort='deprecated',
                           random_state=3494, subsample=1.0, tol=0.0001,
                           validation_fraction=0.1, verbose=0,
                           warm_start=False), probability_threshold=None, encoded_labels=False, drift_report=False, raw_score=False, round=4, verbose=True, ml_usecase=MLUsecase.CLASSIFICATION, display=None)
2022-01-24 21:03:17,289:INFO:Checking exceptions
2022-01-24 21:03:17,289:INFO:Preloading libraries
2022-01-24 21:03:17,290:INFO:Preparing display monitor
2022-01-24 21:03:17,534:INFO:Initializing finalize_model()
2022-01-24 21:03:17,534:INFO:finalize_model(estimator=GradientBoostingClassifier(ccp_alpha=0.0, criterion='friedman_mse', init=None,
                           learning_rate=0.1, loss='deviance', max_depth=3,
                           max_features=None, max_leaf_nodes=None,
                           min_impurity_decrease=0.0, min_impurity_split=None,
                           min_samples_leaf=1, min_samples_split=2,
                           min_weight_fraction_leaf=0.0, n_estimators=100,
                           n_iter_no_change=None, presort='deprecated',
                           random_state=3494, subsample=1.0, tol=0.0001,
                           validation_fraction=0.1, verbose=0,
                           warm_start=False), fit_kwargs=None, groups=None, model_only=True, display=None)
2022-01-24 21:03:17,535:INFO:Finalizing GradientBoostingClassifier(ccp_alpha=0.0, criterion='friedman_mse', init=None,
                           learning_rate=0.1, loss='deviance', max_depth=3,
                           max_features=None, max_leaf_nodes=None,
                           min_impurity_decrease=0.0, min_impurity_split=None,
                           min_samples_leaf=1, min_samples_split=2,
                           min_weight_fraction_leaf=0.0, n_estimators=100,
                           n_iter_no_change=None, presort='deprecated',
                           random_state=3494, subsample=1.0, tol=0.0001,
                           validation_fraction=0.1, verbose=0,
                           warm_start=False)
2022-01-24 21:03:17,535:INFO:Initializing create_model()
2022-01-24 21:03:17,535:INFO:create_model(estimator=GradientBoostingClassifier(ccp_alpha=0.0, criterion='friedman_mse', init=None,
                           learning_rate=0.1, loss='deviance', max_depth=3,
                           max_features=None, max_leaf_nodes=None,
                           min_impurity_decrease=0.0, min_impurity_split=None,
                           min_samples_leaf=1, min_samples_split=2,
                           min_weight_fraction_leaf=0.0, n_estimators=100,
                           n_iter_no_change=None, presort='deprecated',
                           random_state=3494, subsample=1.0, tol=0.0001,
                           validation_fraction=0.1, verbose=0,
                           warm_start=False), fold=None, round=4, cross_validation=True, predict=True, fit_kwargs={}, groups=None, refit=True, verbose=False, system=False, metrics=None, add_to_model_list=False, probability_threshold=None, display=None, kwargs={})
2022-01-24 21:03:17,535:INFO:Checking exceptions
2022-01-24 21:03:17,536:INFO:Importing libraries
2022-01-24 21:03:17,536:INFO:Copying training dataset
2022-01-24 21:03:17,536:INFO:Defining folds
2022-01-24 21:03:17,536:INFO:Declaring metric variables
2022-01-24 21:03:17,536:INFO:Importing untrained model
2022-01-24 21:03:17,536:INFO:Declaring custom model
2022-01-24 21:03:17,537:INFO:Gradient Boosting Classifier Imported succesfully
2022-01-24 21:03:17,537:INFO:Starting cross validation
2022-01-24 21:03:17,537:INFO:Cross validating with StratifiedKFold(n_splits=10, random_state=None, shuffle=False), n_jobs=-1
2022-01-24 21:03:19,460:INFO:Calculating mean and std
2022-01-24 21:03:19,461:INFO:Creating metrics dataframe
2022-01-24 21:03:19,493:INFO:Finalizing model
2022-01-24 21:03:20,849:INFO:create_model_container: 16
2022-01-24 21:03:20,849:INFO:master_model_container: 16
2022-01-24 21:03:20,849:INFO:display_container: 5
2022-01-24 21:03:20,849:INFO:GradientBoostingClassifier(ccp_alpha=0.0, criterion='friedman_mse', init=None,
                           learning_rate=0.1, loss='deviance', max_depth=3,
                           max_features=None, max_leaf_nodes=None,
                           min_impurity_decrease=0.0, min_impurity_split=None,
                           min_samples_leaf=1, min_samples_split=2,
                           min_weight_fraction_leaf=0.0, n_estimators=100,
                           n_iter_no_change=None, presort='deprecated',
                           random_state=3494, subsample=1.0, tol=0.0001,
                           validation_fraction=0.1, verbose=0,
                           warm_start=False)
2022-01-24 21:03:20,849:INFO:create_model() succesfully completed......................................
2022-01-24 21:03:20,965:INFO:create_model_container: 16
2022-01-24 21:03:20,965:INFO:master_model_container: 16
2022-01-24 21:03:20,965:INFO:display_container: 4
2022-01-24 21:03:20,966:INFO:GradientBoostingClassifier(ccp_alpha=0.0, criterion='friedman_mse', init=None,
                           learning_rate=0.1, loss='deviance', max_depth=3,
                           max_features=None, max_leaf_nodes=None,
                           min_impurity_decrease=0.0, min_impurity_split=None,
                           min_samples_leaf=1, min_samples_split=2,
                           min_weight_fraction_leaf=0.0, n_estimators=100,
                           n_iter_no_change=None, presort='deprecated',
                           random_state=3494, subsample=1.0, tol=0.0001,
                           validation_fraction=0.1, verbose=0,
                           warm_start=False)
2022-01-24 21:03:20,966:INFO:finalize_model() succesfully completed......................................
2022-01-24 21:03:21,107:INFO:Initializing save_model()
2022-01-24 21:03:21,107:INFO:save_model(model=GradientBoostingClassifier(ccp_alpha=0.0, criterion='friedman_mse', init=None,
                           learning_rate=0.1, loss='deviance', max_depth=3,
                           max_features=None, max_leaf_nodes=None,
                           min_impurity_decrease=0.0, min_impurity_split=None,
                           min_samples_leaf=1, min_samples_split=2,
                           min_weight_fraction_leaf=0.0, n_estimators=100,
                           n_iter_no_change=None, presort='deprecated',
                           random_state=3494, subsample=1.0, tol=0.0001,
                           validation_fraction=0.1, verbose=0,
                           warm_start=False), model_name=model, prep_pipe_=Pipeline(memory=None,
         steps=[('dtypes',
                 DataTypes_Auto_infer(categorical_features=[],
                                      display_types=True, features_todrop=[],
                                      id_columns=[],
                                      ml_usecase='classification',
                                      numerical_features=['yearsAtCompany'],
                                      target='turnover', time_features=[])),
                ('imputer',
                 Simple_Imputer(categorical_strategy='not_available',
                                fill_value_categorical=None,
                                fill_value_numerical=...
                ('P_transform', 'passthrough'), ('binn', 'passthrough'),
                ('rem_outliers', 'passthrough'), ('cluster_all', 'passthrough'),
                ('dummy', Dummify(target='turnover')),
                ('fix_perfect', Remove_100(target='turnover')),
                ('clean_names', Clean_Colum_Names()),
                ('feature_select', 'passthrough'), ('fix_multi', 'passthrough'),
                ('dfs', 'passthrough'), ('pca', 'passthrough')],
         verbose=False), verbose=True, kwargs={})
2022-01-24 21:03:21,107:INFO:Adding model into prep_pipe
2022-01-24 21:03:21,132:INFO:model.pkl saved in current working directory
2022-01-24 21:03:21,138:INFO:Pipeline(memory=None,
         steps=[('dtypes',
                 DataTypes_Auto_infer(categorical_features=[],
                                      display_types=True, features_todrop=[],
                                      id_columns=[],
                                      ml_usecase='classification',
                                      numerical_features=['yearsAtCompany'],
                                      target='turnover', time_features=[])),
                ('imputer',
                 Simple_Imputer(categorical_strategy='not_available',
                                fill_value_categorical=None,
                                fill_value_numerical=...
                                            learning_rate=0.1, loss='deviance',
                                            max_depth=3, max_features=None,
                                            max_leaf_nodes=None,
                                            min_impurity_decrease=0.0,
                                            min_impurity_split=None,
                                            min_samples_leaf=1,
                                            min_samples_split=2,
                                            min_weight_fraction_leaf=0.0,
                                            n_estimators=100,
                                            n_iter_no_change=None,
                                            presort='deprecated',
                                            random_state=3494, subsample=1.0,
                                            tol=0.0001, validation_fraction=0.1,
                                            verbose=0, warm_start=False)]],
         verbose=False)
2022-01-24 21:03:21,139:INFO:save_model() successfully completed......................................
